2026-03-23 15:19:27,486 [INFO] flight_scraper — fast-flights 已載入 ✓
2026-03-23 15:19:52,632 [INFO] flight_scraper — FlightScraper 後端: fast_flights
2026-03-23 15:19:52,743 [INFO] flight_scraper — [1/820] 搜尋 TPE → NRT  2026-04-03
2026-03-23 15:19:52,744 [WARNING] flight_scraper —   嘗試 1/3 失敗: create_filter() got an unexpected keyword argument 'stops'
2026-03-23 15:19:56,412 [WARNING] flight_scraper —   嘗試 2/3 失敗: create_filter() got an unexpected keyword argument 'stops'
2026-03-23 15:20:02,306 [WARNING] flight_scraper —   嘗試 3/3 失敗: create_filter() got an unexpected keyword argument 'stops'
2026-03-23 15:20:05,164 [INFO] flight_scraper — [2/820] 搜尋 TPE → NRT  2026-05-01
2026-03-23 15:20:05,165 [WARNING] flight_scraper —   嘗試 1/3 失敗: create_filter() got an unexpected keyword argument 'stops'
2026-03-23 15:20:08,608 [WARNING] flight_scraper —   嘗試 2/3 失敗: create_filter() got an unexpected keyword argument 'stops'
2026-03-23 15:20:14,927 [WARNING] flight_scraper —   嘗試 3/3 失敗: create_filter() got an unexpected keyword argument 'stops'
2026-03-23 15:20:17,440 [INFO] flight_scraper — [3/820] 搜尋 TPE → NRT  2026-06-19
2026-03-23 15:20:17,441 [WARNING] flight_scraper —   嘗試 1/3 失敗: create_filter() got an unexpected keyword argument 'stops'
2026-03-23 15:20:21,089 [WARNING] flight_scraper —   嘗試 2/3 失敗: create_filter() got an unexpected keyword argument 'stops'
2026-03-23 15:20:27,085 [WARNING] flight_scraper —   嘗試 3/3 失敗: create_filter() got an unexpected keyword argument 'stops'
2026-03-23 15:20:29,751 [INFO] flight_scraper — [4/820] 搜尋 TPE → NRT  2026-04-02
2026-03-23 15:20:29,752 [WARNING] flight_scraper —   嘗試 1/3 失敗: create_filter() got an unexpected keyword argument 'stops'
2026-03-23 15:20:33,214 [WARNING] flight_scraper —   嘗試 2/3 失敗: create_filter() got an unexpected keyword argument 'stops'
2026-03-23 15:20:38,911 [WARNING] flight_scraper —   嘗試 3/3 失敗: create_filter() got an unexpected keyword argument 'stops'
2026-03-23 15:20:42,157 [INFO] flight_scraper — [5/820] 搜尋 TPE → NRT  2026-04-03
2026-03-23 15:20:42,157 [WARNING] flight_scraper —   嘗試 1/3 失敗: create_filter() got an unexpected keyword argument 'stops'
2026-03-23 15:20:45,234 [WARNING] flight_scraper —   嘗試 2/3 失敗: create_filter() got an unexpected keyword argument 'stops'
2026-03-23 15:20:51,059 [WARNING] flight_scraper —   嘗試 3/3 失敗: create_filter() got an unexpected keyword argument 'stops'
2026-03-23 15:20:53,802 [INFO] flight_scraper — [6/820] 搜尋 TPE → NRT  2026-04-30
2026-03-23 15:20:53,802 [WARNING] flight_scraper —   嘗試 1/3 失敗: create_filter() got an unexpected keyword argument 'stops'
2026-03-23 15:20:57,716 [WARNING] flight_scraper —   嘗試 2/3 失敗: create_filter() got an unexpected keyword argument 'stops'
2026-03-23 15:21:03,889 [WARNING] flight_scraper —   嘗試 3/3 失敗: create_filter() got an unexpected keyword argument 'stops'
2026-03-23 15:21:06,564 [INFO] flight_scraper — [7/820] 搜尋 TPE → NRT  2026-05-01
2026-03-23 15:21:06,564 [WARNING] flight_scraper —   嘗試 1/3 失敗: create_filter() got an unexpected keyword argument 'stops'
2026-03-23 15:21:10,116 [WARNING] flight_scraper —   嘗試 2/3 失敗: create_filter() got an unexpected keyword argument 'stops'
2026-03-23 15:21:16,123 [WARNING] flight_scraper —   嘗試 3/3 失敗: create_filter() got an unexpected keyword argument 'stops'
2026-03-23 15:21:19,242 [INFO] flight_scraper — [8/820] 搜尋 TPE → NRT  2026-06-18
2026-03-23 15:21:19,243 [WARNING] flight_scraper —   嘗試 1/3 失敗: create_filter() got an unexpected keyword argument 'stops'
2026-03-23 15:21:22,442 [WARNING] flight_scraper —   嘗試 2/3 失敗: create_filter() got an unexpected keyword argument 'stops'
2026-03-23 15:21:28,376 [WARNING] flight_scraper —   嘗試 3/3 失敗: create_filter() got an unexpected keyword argument 'stops'
2026-03-23 15:21:30,989 [INFO] flight_scraper — [9/820] 搜尋 TPE → NRT  2026-06-19
2026-03-23 15:21:30,989 [WARNING] flight_scraper —   嘗試 1/3 失敗: create_filter() got an unexpected keyword argument 'stops'
2026-03-23 15:21:34,202 [WARNING] flight_scraper —   嘗試 2/3 失敗: create_filter() got an unexpected keyword argument 'stops'
2026-03-23 15:21:39,879 [WARNING] flight_scraper —   嘗試 3/3 失敗: create_filter() got an unexpected keyword argument 'stops'
2026-03-23 15:21:42,573 [INFO] flight_scraper — [10/820] 搜尋 TPE → NRT  2026-03-27
2026-03-23 15:21:42,573 [WARNING] flight_scraper —   嘗試 1/3 失敗: create_filter() got an unexpected keyword argument 'stops'
2026-03-23 15:21:45,613 [WARNING] flight_scraper —   嘗試 2/3 失敗: create_filter() got an unexpected keyword argument 'stops'
2026-03-23 15:21:51,464 [WARNING] flight_scraper —   嘗試 3/3 失敗: create_filter() got an unexpected keyword argument 'stops'
2026-03-23 15:21:54,537 [INFO] flight_scraper — [11/820] 搜尋 TPE → HND  2026-04-03
2026-03-23 15:21:54,537 [WARNING] flight_scraper —   嘗試 1/3 失敗: create_filter() got an unexpected keyword argument 'stops'
2026-03-23 15:21:57,737 [WARNING] flight_scraper —   嘗試 2/3 失敗: create_filter() got an unexpected keyword argument 'stops'
2026-03-23 15:22:04,191 [WARNING] flight_scraper —   嘗試 3/3 失敗: create_filter() got an unexpected keyword argument 'stops'
2026-03-23 15:22:07,084 [INFO] flight_scraper — [12/820] 搜尋 TPE → HND  2026-05-01
2026-03-23 15:22:07,085 [WARNING] flight_scraper —   嘗試 1/3 失敗: create_filter() got an unexpected keyword argument 'stops'
2026-03-23 15:22:10,716 [WARNING] flight_scraper —   嘗試 2/3 失敗: create_filter() got an unexpected keyword argument 'stops'
2026-03-23 15:22:16,988 [WARNING] flight_scraper —   嘗試 3/3 失敗: create_filter() got an unexpected keyword argument 'stops'
2026-03-23 15:22:19,698 [INFO] flight_scraper — [13/820] 搜尋 TPE → HND  2026-06-19
2026-03-23 15:22:19,698 [WARNING] flight_scraper —   嘗試 1/3 失敗: create_filter() got an unexpected keyword argument 'stops'
2026-03-23 15:22:22,907 [WARNING] flight_scraper —   嘗試 2/3 失敗: create_filter() got an unexpected keyword argument 'stops'
2026-03-23 15:22:28,419 [WARNING] flight_scraper —   嘗試 3/3 失敗: create_filter() got an unexpected keyword argument 'stops'
2026-03-23 15:22:31,501 [INFO] flight_scraper — [14/820] 搜尋 TPE → HND  2026-04-02
2026-03-23 15:22:31,502 [WARNING] flight_scraper —   嘗試 1/3 失敗: create_filter() got an unexpected keyword argument 'stops'
2026-03-23 15:22:35,253 [WARNING] flight_scraper —   嘗試 2/3 失敗: create_filter() got an unexpected keyword argument 'stops'
2026-03-23 15:22:41,448 [WARNING] flight_scraper —   嘗試 3/3 失敗: create_filter() got an unexpected keyword argument 'stops'
2026-03-23 15:22:44,551 [INFO] flight_scraper — [15/820] 搜尋 TPE → HND  2026-04-03
2026-03-23 15:22:44,551 [WARNING] flight_scraper —   嘗試 1/3 失敗: create_filter() got an unexpected keyword argument 'stops'
2026-03-23 15:22:48,414 [WARNING] flight_scraper —   嘗試 2/3 失敗: create_filter() got an unexpected keyword argument 'stops'
2026-03-23 15:22:54,193 [WARNING] flight_scraper —   嘗試 3/3 失敗: create_filter() got an unexpected keyword argument 'stops'
2026-03-23 15:22:57,149 [INFO] flight_scraper — [16/820] 搜尋 TPE → HND  2026-04-30
2026-03-23 15:22:57,150 [WARNING] flight_scraper —   嘗試 1/3 失敗: create_filter() got an unexpected keyword argument 'stops'
2026-03-23 15:23:00,990 [WARNING] flight_scraper —   嘗試 2/3 失敗: create_filter() got an unexpected keyword argument 'stops'
2026-03-23 15:23:06,566 [WARNING] flight_scraper —   嘗試 3/3 失敗: create_filter() got an unexpected keyword argument 'stops'
2026-03-23 15:23:09,209 [INFO] flight_scraper — [17/820] 搜尋 TPE → HND  2026-05-01
2026-03-23 15:23:09,210 [WARNING] flight_scraper —   嘗試 1/3 失敗: create_filter() got an unexpected keyword argument 'stops'
2026-03-23 15:23:12,962 [WARNING] flight_scraper —   嘗試 2/3 失敗: create_filter() got an unexpected keyword argument 'stops'
2026-03-23 15:23:19,085 [WARNING] flight_scraper —   嘗試 3/3 失敗: create_filter() got an unexpected keyword argument 'stops'
2026-03-23 15:23:21,606 [INFO] flight_scraper — [18/820] 搜尋 TPE → HND  2026-06-18
2026-03-23 15:23:21,606 [WARNING] flight_scraper —   嘗試 1/3 失敗: create_filter() got an unexpected keyword argument 'stops'
2026-03-23 15:23:25,216 [WARNING] flight_scraper —   嘗試 2/3 失敗: create_filter() got an unexpected keyword argument 'stops'
2026-03-23 15:23:31,541 [WARNING] flight_scraper —   嘗試 3/3 失敗: create_filter() got an unexpected keyword argument 'stops'
2026-03-23 15:23:34,306 [INFO] flight_scraper — [19/820] 搜尋 TPE → HND  2026-06-19
2026-03-23 15:23:34,307 [WARNING] flight_scraper —   嘗試 1/3 失敗: create_filter() got an unexpected keyword argument 'stops'
2026-03-23 15:23:37,654 [WARNING] flight_scraper —   嘗試 2/3 失敗: create_filter() got an unexpected keyword argument 'stops'
2026-03-23 15:23:43,670 [WARNING] flight_scraper —   嘗試 3/3 失敗: create_filter() got an unexpected keyword argument 'stops'
2026-03-23 15:23:46,902 [INFO] flight_scraper — [20/820] 搜尋 TPE → HND  2026-03-27
2026-03-23 15:23:46,902 [WARNING] flight_scraper —   嘗試 1/3 失敗: create_filter() got an unexpected keyword argument 'stops'
2026-03-23 15:23:50,498 [WARNING] flight_scraper —   嘗試 2/3 失敗: create_filter() got an unexpected keyword argument 'stops'
2026-03-23 15:23:56,755 [WARNING] flight_scraper —   嘗試 3/3 失敗: create_filter() got an unexpected keyword argument 'stops'
2026-03-23 15:23:59,294 [INFO] flight_scraper — [21/820] 搜尋 TPE → KIX  2026-04-03
2026-03-23 15:23:59,295 [WARNING] flight_scraper —   嘗試 1/3 失敗: create_filter() got an unexpected keyword argument 'stops'
2026-03-23 15:24:03,269 [WARNING] flight_scraper —   嘗試 2/3 失敗: create_filter() got an unexpected keyword argument 'stops'
2026-03-23 15:24:09,603 [WARNING] flight_scraper —   嘗試 3/3 失敗: create_filter() got an unexpected keyword argument 'stops'
2026-03-23 15:24:12,312 [INFO] flight_scraper — [22/820] 搜尋 TPE → KIX  2026-05-01
2026-03-23 15:24:12,313 [WARNING] flight_scraper —   嘗試 1/3 失敗: create_filter() got an unexpected keyword argument 'stops'
2026-03-23 15:24:16,113 [WARNING] flight_scraper —   嘗試 2/3 失敗: create_filter() got an unexpected keyword argument 'stops'
2026-03-23 15:24:22,407 [WARNING] flight_scraper —   嘗試 3/3 失敗: create_filter() got an unexpected keyword argument 'stops'
2026-03-23 15:24:25,444 [INFO] flight_scraper — [23/820] 搜尋 TPE → KIX  2026-06-19
2026-03-23 15:24:25,444 [WARNING] flight_scraper —   嘗試 1/3 失敗: create_filter() got an unexpected keyword argument 'stops'
2026-03-23 15:24:28,609 [WARNING] flight_scraper —   嘗試 2/3 失敗: create_filter() got an unexpected keyword argument 'stops'
2026-03-23 15:24:34,975 [WARNING] flight_scraper —   嘗試 3/3 失敗: create_filter() got an unexpected keyword argument 'stops'
2026-03-23 15:24:37,598 [INFO] flight_scraper — [24/820] 搜尋 TPE → KIX  2026-04-02
2026-03-23 15:24:37,599 [WARNING] flight_scraper —   嘗試 1/3 失敗: create_filter() got an unexpected keyword argument 'stops'
2026-03-23 15:24:41,031 [WARNING] flight_scraper —   嘗試 2/3 失敗: create_filter() got an unexpected keyword argument 'stops'
2026-03-23 15:24:47,497 [WARNING] flight_scraper —   嘗試 3/3 失敗: create_filter() got an unexpected keyword argument 'stops'
2026-03-23 15:24:50,646 [INFO] flight_scraper — [25/820] 搜尋 TPE → KIX  2026-04-03
2026-03-23 15:24:50,647 [WARNING] flight_scraper —   嘗試 1/3 失敗: create_filter() got an unexpected keyword argument 'stops'
2026-03-23 15:24:54,178 [WARNING] flight_scraper —   嘗試 2/3 失敗: create_filter() got an unexpected keyword argument 'stops'
2026-03-23 15:25:00,111 [WARNING] flight_scraper —   嘗試 3/3 失敗: create_filter() got an unexpected keyword argument 'stops'
2026-03-23 15:25:03,065 [INFO] flight_scraper — [26/820] 搜尋 TPE → KIX  2026-04-30
2026-03-23 15:25:03,065 [WARNING] flight_scraper —   嘗試 1/3 失敗: create_filter() got an unexpected keyword argument 'stops'
2026-03-23 15:25:06,988 [WARNING] flight_scraper —   嘗試 2/3 失敗: create_filter() got an unexpected keyword argument 'stops'
2026-03-23 15:25:12,874 [WARNING] flight_scraper —   嘗試 3/3 失敗: create_filter() got an unexpected keyword argument 'stops'
2026-03-23 15:25:15,422 [INFO] flight_scraper — [27/820] 搜尋 TPE → KIX  2026-05-01
2026-03-23 15:25:15,422 [WARNING] flight_scraper —   嘗試 1/3 失敗: create_filter() got an unexpected keyword argument 'stops'
2026-03-23 15:25:19,420 [WARNING] flight_scraper —   嘗試 2/3 失敗: create_filter() got an unexpected keyword argument 'stops'
2026-03-23 15:25:25,203 [WARNING] flight_scraper —   嘗試 3/3 失敗: create_filter() got an unexpected keyword argument 'stops'
2026-03-23 15:25:28,004 [INFO] flight_scraper — [28/820] 搜尋 TPE → KIX  2026-06-18
2026-03-23 15:25:28,004 [WARNING] flight_scraper —   嘗試 1/3 失敗: create_filter() got an unexpected keyword argument 'stops'
2026-03-23 15:43:24,152 [WARNING] primp.impersonate — Impersonate 'chrome_126' does not exist, using 'random'
2026-03-23 15:43:24,897 [INFO] primp — response: https://www.google.com/travel/flights?tfs=GhoSCjIwMjYtMDUtMDFqBRIDVFBFcgUSA05SVEIBAUgBmAEC&hl=en&tfu=EgQIABABIgA&curr= 200
2026-03-23 15:47:25,074 [WARNING] primp.impersonate — Impersonate 'chrome_126' does not exist, using 'random'
2026-03-23 15:47:25,803 [INFO] primp — response: https://www.google.com/travel/flights?tfs=GhoSCjIwMjYtMDUtMDFqBRIDVFBFcgUSA05SVEIBAUgBmAEC&hl=en&tfu=EgQIABABIgA&curr= 200
2026-03-23 15:48:21,862 [WARNING] primp.impersonate — Impersonate 'chrome_126' does not exist, using 'random'
2026-03-23 15:48:22,370 [INFO] primp — response: https://www.google.com/travel/flights?tfs=GhoSCjIwMjYtMDUtMDFqBRIDVFBFcgUSA05SVEIBAUgBmAEC&hl=en&tfu=EgQIABABIgA&curr= 200
2026-03-23 15:48:53,201 [INFO] flight_scraper — fast-flights 已載入 ✓
2026-03-23 15:48:57,347 [INFO] flight_scraper — FlightScraper 後端: fast_flights
2026-03-23 15:48:57,351 [INFO] flight_scraper — [1/820] 搜尋 TPE → NRT  2026-04-03
2026-03-23 15:48:57,352 [WARNING] primp.impersonate — Impersonate 'chrome_126' does not exist, using 'random'
2026-03-23 15:48:58,123 [INFO] primp — response: https://www.google.com/travel/flights?tfs=GhwSCjIwMjYtMDQtMDMoAmoFEgNUUEVyBRIDTlJUQgEBSAGYAQI%3D&hl=en&tfu=EgQIABABIgA&curr= 200
2026-03-23 15:49:02,052 [INFO] flight_scraper — [2/820] 搜尋 TPE → NRT  2026-05-01
2026-03-23 15:49:02,597 [INFO] primp — response: https://www.google.com/travel/flights?tfs=GhwSCjIwMjYtMDUtMDEoAmoFEgNUUEVyBRIDTlJUQgEBSAGYAQI%3D&hl=en&tfu=EgQIABABIgA&curr= 200
2026-03-23 15:49:06,733 [INFO] flight_scraper — [3/820] 搜尋 TPE → NRT  2026-06-19
2026-03-23 15:49:07,332 [INFO] primp — response: https://www.google.com/travel/flights?tfs=GhwSCjIwMjYtMDYtMTkoAmoFEgNUUEVyBRIDTlJUQgEBSAGYAQI%3D&hl=en&tfu=EgQIABABIgA&curr= 200
2026-03-23 15:49:11,671 [INFO] flight_scraper — [4/820] 搜尋 TPE → NRT  2026-04-02
2026-03-23 15:49:12,436 [INFO] primp — response: https://www.google.com/travel/flights?tfs=GhwSCjIwMjYtMDQtMDIoAmoFEgNUUEVyBRIDTlJUQgEBSAGYAQI%3D&hl=en&tfu=EgQIABABIgA&curr= 200
2026-03-23 15:49:16,512 [INFO] flight_scraper — [5/820] 搜尋 TPE → NRT  2026-04-03
2026-03-23 15:49:17,155 [INFO] primp — response: https://www.google.com/travel/flights?tfs=GhwSCjIwMjYtMDQtMDMoAmoFEgNUUEVyBRIDTlJUQgEBSAGYAQI%3D&hl=en&tfu=EgQIABABIgA&curr= 200
2026-03-23 15:49:20,789 [INFO] flight_scraper — [6/820] 搜尋 TPE → NRT  2026-04-30
2026-03-23 15:49:21,248 [INFO] primp — response: https://www.google.com/travel/flights?tfs=GhwSCjIwMjYtMDQtMzAoAmoFEgNUUEVyBRIDTlJUQgEBSAGYAQI%3D&hl=en&tfu=EgQIABABIgA&curr= 200
2026-03-23 15:49:25,368 [INFO] flight_scraper — [7/820] 搜尋 TPE → NRT  2026-05-01
2026-03-23 15:49:26,063 [INFO] primp — response: https://www.google.com/travel/flights?tfs=GhwSCjIwMjYtMDUtMDEoAmoFEgNUUEVyBRIDTlJUQgEBSAGYAQI%3D&hl=en&tfu=EgQIABABIgA&curr= 200
2026-03-23 15:49:30,343 [INFO] flight_scraper — [8/820] 搜尋 TPE → NRT  2026-06-18
2026-03-23 15:49:30,955 [INFO] primp — response: https://www.google.com/travel/flights?tfs=GhwSCjIwMjYtMDYtMTgoAmoFEgNUUEVyBRIDTlJUQgEBSAGYAQI%3D&hl=en&tfu=EgQIABABIgA&curr= 200
2026-03-23 15:49:31,982 [WARNING] flight_scraper —   嘗試 1/3 失敗: No flights found:
Skip to main contentAccessibility feedback
Travel
Explore
Flights
Hotels
Vacation rentals
Change appearance
[Sign in][1]
Travel
Explore
Flights
Hotels
Vacation rentals
Flight Deals
Tracked flight prices
Tracked hotel prices
Change language
Change currency
Change location
Change currency
Feedback
Help
Loading results
Loading results

# Flight search

One way
* Round trip
* One way
* Multi-city
1
* Adults
  Remove adult
  11
  Add adult
* Children Aged 2-11
  Aged 2 to 11
  Remove child aged 2 to 11
  00
  Add child aged 2 to 11
* Infants In seat
  Remove infant in seat
  00
  Add infant in seat
* Infants On lap
  Remove infant on lap
  00
  Add infant on lap
DoneCancel
Economy
* Economy
* Premium economy
* Business
* First
Taipei City TPE
TPE · Taipei City
Remove
Select multiple airports
Done
Press the plus key to switch to multi-select mode.
Tokyo NRT
NRT · Tokyo
Remove
Select multiple airports
Done
Press the plus key to switch to multi-select mode.
Enter a date or use the arrow keys to change the current date.
Enter a date or use the arrow keys to change the current date.
One way
* Round trip
* One way
Reset
Done
Add flight

## Filters

All filters (1)
2 stops or fewer
Airlines
Bags
Price
Times
Emissions
Connecting airports
Duration

## Search results

LanguageEnglish (United States)LocationMalaysiaCurrencyMYR
[About][2][Privacy][3][Terms][4][Join user studies][5][Feedback][6][Help Center][7]

Displayed currencies may differ from the currencies used to purchase flights. [Learn more][8]

Google apps
Main menu

[1]: https://accounts.google.com/ServiceLogin?service=searchandassistant&passive=1209600&continue=ht
tps://www.google.com/travel/flights?tfs%3DGhwSCjIwMjYtMDYtMTgoAmoFEgNUUEVyBRIDTlJUQgEBSAGYAQI%253D%2
6hl%3Den%26tfu%3DEgQIABABIgA%26curr&followup=https://www.google.com/travel/flights?tfs%3DGhwSCjIwMjY
tMDYtMTgoAmoFEgNUUEVyBRIDTlJUQgEBSAGYAQI%253D%26hl%3Den%26tfu%3DEgQIABABIgA%26curr&hl=en&ec=GAZAlQM
[2]: https://about.google/?hl=en-US
[3]: https://policies.google.com/privacy?hl=en-US
[4]: https://policies.google.com/terms?hl=en-US
[5]: https://google.qualtrics.com/jfe/form/SV_3NMIMtX0F2zkakR?reserved%3D1%26utm_source%3DFooter%252
0link%26utm_medium%3Down_web%26%20utm_campaign%3DQ2%26productTag%3D0%26campaignDate%3DApril2020%26re
ferral_code%3DUXbJ377133&Q_Language=en-US
[6]: ./#0
[7]: https://support.google.com/travel/?hl=en-US#topic=2475360
[8]: https://www.google.com/googlefinance/disclaimer?hl=en-US&gl=MY

2026-03-23 15:49:35,973 [INFO] primp — response: https://www.google.com/travel/flights?tfs=GhwSCjIwMjYtMDYtMTgoAmoFEgNUUEVyBRIDTlJUQgEBSAGYAQI%3D&hl=en&tfu=EgQIABABIgA&curr= 200
2026-03-23 15:49:40,512 [INFO] flight_scraper — [9/820] 搜尋 TPE → NRT  2026-06-19
2026-03-23 15:49:41,085 [INFO] primp — response: https://www.google.com/travel/flights?tfs=GhwSCjIwMjYtMDYtMTkoAmoFEgNUUEVyBRIDTlJUQgEBSAGYAQI%3D&hl=en&tfu=EgQIABABIgA&curr= 200
2026-03-23 15:49:45,296 [INFO] flight_scraper — [10/820] 搜尋 TPE → NRT  2026-03-27
2026-03-23 15:49:46,133 [INFO] primp — response: https://www.google.com/travel/flights?tfs=GhwSCjIwMjYtMDMtMjcoAmoFEgNUUEVyBRIDTlJUQgEBSAGYAQI%3D&hl=en&tfu=EgQIABABIgA&curr= 200
2026-03-23 15:49:50,224 [INFO] flight_scraper — [11/820] 搜尋 TPE → HND  2026-04-03
2026-03-23 15:49:50,813 [INFO] primp — response: https://www.google.com/travel/flights?tfs=GhwSCjIwMjYtMDQtMDMoAmoFEgNUUEVyBRIDSE5EQgEBSAGYAQI%3D&hl=en&tfu=EgQIABABIgA&curr= 200
2026-03-23 15:49:55,092 [INFO] flight_scraper — [12/820] 搜尋 TPE → HND  2026-05-01
2026-03-23 15:49:55,533 [INFO] primp — response: https://www.google.com/travel/flights?tfs=GhwSCjIwMjYtMDUtMDEoAmoFEgNUUEVyBRIDSE5EQgEBSAGYAQI%3D&hl=en&tfu=EgQIABABIgA&curr= 200
2026-03-23 15:49:59,632 [INFO] flight_scraper — [13/820] 搜尋 TPE → HND  2026-06-19
2026-03-23 15:50:00,127 [INFO] primp — response: https://www.google.com/travel/flights?tfs=GhwSCjIwMjYtMDYtMTkoAmoFEgNUUEVyBRIDSE5EQgEBSAGYAQI%3D&hl=en&tfu=EgQIABABIgA&curr= 200
2026-03-23 15:50:04,085 [INFO] flight_scraper — [14/820] 搜尋 TPE → HND  2026-04-02
2026-03-23 15:50:04,529 [INFO] primp — response: https://www.google.com/travel/flights?tfs=GhwSCjIwMjYtMDQtMDIoAmoFEgNUUEVyBRIDSE5EQgEBSAGYAQI%3D&hl=en&tfu=EgQIABABIgA&curr= 200
2026-03-23 15:50:08,196 [INFO] flight_scraper — [15/820] 搜尋 TPE → HND  2026-04-03
2026-03-23 15:50:08,885 [INFO] primp — response: https://www.google.com/travel/flights?tfs=GhwSCjIwMjYtMDQtMDMoAmoFEgNUUEVyBRIDSE5EQgEBSAGYAQI%3D&hl=en&tfu=EgQIABABIgA&curr= 200
2026-03-23 15:50:16,936 [WARNING] primp.impersonate — Impersonate 'chrome_126' does not exist, using 'random'
2026-03-23 15:50:17,725 [INFO] primp — response: https://www.google.com/travel/flights?tfs=GhoSCjIwMjYtMDUtMDFqBRIDVFBFcgUSA05SVEIBAUgBmAEC&hl=en&tfu=EgQIABABIgA&curr= 200
2026-03-23 15:50:47,393 [INFO] flight_scraper — fast-flights 已載入 ✓
2026-03-23 15:50:52,384 [INFO] flight_scraper — FlightScraper 後端: fast_flights
2026-03-23 15:50:52,386 [INFO] flight_scraper — [1/1] 搜尋 TPE → NRT  2026-05-01
2026-03-23 15:50:52,387 [WARNING] primp.impersonate — Impersonate 'chrome_126' does not exist, using 'random'
2026-03-23 15:50:53,296 [INFO] primp — response: https://www.google.com/travel/flights?tfs=GhwSCjIwMjYtMDUtMDEoAmoFEgNUUEVyBRIDTlJUQgEBSAGYAQI%3D&hl=en&tfu=EgQIABABIgA&curr= 200
2026-03-23 15:57:27,749 [INFO] flight_scraper — fast-flights 已載入 ✓
2026-03-23 15:57:49,355 [INFO] flight_scraper — FlightScraper 後端: fast_flights
2026-03-23 15:57:49,358 [INFO] flight_scraper — [1/82] 搜尋 TPE → NRT  2026-04-30
2026-03-23 15:57:49,359 [WARNING] primp.impersonate — Impersonate 'chrome_126' does not exist, using 'random'
2026-03-23 15:57:49,939 [INFO] primp — response: https://www.google.com/travel/flights?tfs=GhwSCjIwMjYtMDQtMzAoAmoFEgNUUEVyBRIDTlJUQgEBSAGYAQI%3D&hl=en&tfu=EgQIABABIgA&curr= 200
2026-03-23 15:57:51,005 [WARNING] flight_scraper —   嘗試 1/3 失敗: No flights found:
Skip to main contentAccessibility feedback
Travel
Explore
Flights
Hotels
Vacation rentals
Change appearance
[Sign in][1]
Travel
Explore
Flights
Hotels
Vacation rentals
Flight Deals
Tracked flight prices
Tracked hotel prices
Change language
Change currency
Change location
Change currency
Feedback
Help
Loading results
Loading results

# Flight search

One way
* Round trip
* One way
* Multi-city
1
* Adults
  Remove adult
  11
  Add adult
* Children Aged 2-11
  Aged 2 to 11
  Remove child aged 2 to 11
  00
  Add child aged 2 to 11
* Infants In seat
  Remove infant in seat
  00
  Add infant in seat
* Infants On lap
  Remove infant on lap
  00
  Add infant on lap
DoneCancel
Economy
* Economy
* Premium economy
* Business
* First
Taipei City TPE
TPE · Taipei City
Remove
Select multiple airports
Done
Press the plus key to switch to multi-select mode.
Tokyo NRT
NRT · Tokyo
Remove
Select multiple airports
Done
Press the plus key to switch to multi-select mode.
Enter a date or use the arrow keys to change the current date.
Enter a date or use the arrow keys to change the current date.
One way
* Round trip
* One way
Reset
Done
Add flight

## Filters

All filters (1)
2 stops or fewer
Airlines
Bags
Price
Times
Emissions
Connecting airports
Duration

## Search results

LanguageEnglish (United States)LocationMalaysiaCurrencyMYR
[About][2][Privacy][3][Terms][4][Join user studies][5][Feedback][6][Help Center][7]

Displayed currencies may differ from the currencies used to purchase flights. [Learn more][8]

Google apps
Main menu

[1]: https://accounts.google.com/ServiceLogin?service=searchandassistant&passive=1209600&continue=ht
tps://www.google.com/travel/flights?tfs%3DGhwSCjIwMjYtMDQtMzAoAmoFEgNUUEVyBRIDTlJUQgEBSAGYAQI%253D%2
6hl%3Den%26tfu%3DEgQIABABIgA%26curr&followup=https://www.google.com/travel/flights?tfs%3DGhwSCjIwMjY
tMDQtMzAoAmoFEgNUUEVyBRIDTlJUQgEBSAGYAQI%253D%26hl%3Den%26tfu%3DEgQIABABIgA%26curr&hl=en&ec=GAZAlQM
[2]: https://about.google/?hl=en-US
[3]: https://policies.google.com/privacy?hl=en-US
[4]: https://policies.google.com/terms?hl=en-US
[5]: https://google.qualtrics.com/jfe/form/SV_3NMIMtX0F2zkakR?reserved%3D1%26utm_source%3DFooter%252
0link%26utm_medium%3Down_web%26%20utm_campaign%3DQ2%26productTag%3D0%26campaignDate%3DApril2020%26re
ferral_code%3DUXbJ377133&Q_Language=en-US
[6]: ./#0
[7]: https://support.google.com/travel/?hl=en-US#topic=2475360
[8]: https://www.google.com/googlefinance/disclaimer?hl=en-US&gl=MY

2026-03-23 15:57:54,853 [INFO] primp — response: https://www.google.com/travel/flights?tfs=GhwSCjIwMjYtMDQtMzAoAmoFEgNUUEVyBRIDTlJUQgEBSAGYAQI%3D&hl=en&tfu=EgQIABABIgA&curr= 200
2026-03-23 16:18:44,657 [INFO] flight_scraper — fast-flights 已載入 ✓
2026-03-23 16:18:48,090 [INFO] flight_scraper — FlightScraper 後端: fast_flights
2026-03-23 16:18:48,102 [INFO] flight_scraper — [1/5] TPE → NRT 2026-04-29 [東北亞 NE Asia] 直達
2026-03-23 16:18:48,108 [WARNING] primp.impersonate — Impersonate 'chrome_126' does not exist, using 'random'
2026-03-23 16:18:48,899 [INFO] primp — response: https://www.google.com/travel/flights?tfs=GhwSCjIwMjYtMDQtMjkoAGoFEgNUUEVyBRIDTlJUQgEBSAGYAQI%3D&hl=en&tfu=EgQIABABIgA&curr= 200
2026-03-23 16:18:52,742 [INFO] flight_scraper — [2/5] TPE → NRT 2026-04-30 [東北亞 NE Asia] 直達
2026-03-23 16:18:53,412 [INFO] primp — response: https://www.google.com/travel/flights?tfs=GhwSCjIwMjYtMDQtMzAoAGoFEgNUUEVyBRIDTlJUQgEBSAGYAQI%3D&hl=en&tfu=EgQIABABIgA&curr= 200
2026-03-23 16:18:56,702 [INFO] flight_scraper — [3/5] TPE → NRT 2026-05-01 [東北亞 NE Asia] 直達
2026-03-23 16:18:57,275 [INFO] primp — response: https://www.google.com/travel/flights?tfs=GhwSCjIwMjYtMDUtMDEoAGoFEgNUUEVyBRIDTlJUQgEBSAGYAQI%3D&hl=en&tfu=EgQIABABIgA&curr= 200
2026-03-23 16:19:00,927 [INFO] flight_scraper — [4/5] TPE → NRT 2026-05-02 [東北亞 NE Asia] 直達
2026-03-23 16:19:01,619 [INFO] primp — response: https://www.google.com/travel/flights?tfs=GhwSCjIwMjYtMDUtMDIoAGoFEgNUUEVyBRIDTlJUQgEBSAGYAQI%3D&hl=en&tfu=EgQIABABIgA&curr= 200
2026-03-23 16:19:05,125 [INFO] flight_scraper — [5/5] TPE → NRT 2026-05-03 [東北亞 NE Asia] 直達
2026-03-23 16:19:05,836 [INFO] primp — response: https://www.google.com/travel/flights?tfs=GhwSCjIwMjYtMDUtMDMoAGoFEgNUUEVyBRIDTlJUQgEBSAGYAQI%3D&hl=en&tfu=EgQIABABIgA&curr= 200
2026-03-23 16:19:09,136 [INFO] flight_scraper — [1/5] NRT → TPE 2026-05-04 [?] ≤2轉
2026-03-23 16:19:09,812 [INFO] primp — response: https://www.google.com/travel/flights?tfs=GhoSCjIwMjYtMDUtMDRqBRIDTlJUcgUSA1RQRUIBAUgBmAEC&hl=en&tfu=EgQIABABIgA&curr= 200
2026-03-23 16:19:13,774 [INFO] flight_scraper — [2/5] NRT → TPE 2026-05-05 [?] ≤2轉
2026-03-23 16:19:14,539 [INFO] primp — response: https://www.google.com/travel/flights?tfs=GhoSCjIwMjYtMDUtMDVqBRIDTlJUcgUSA1RQRUIBAUgBmAEC&hl=en&tfu=EgQIABABIgA&curr= 200
2026-03-23 16:19:18,305 [INFO] flight_scraper — [3/5] NRT → TPE 2026-05-06 [?] ≤2轉
2026-03-23 16:19:18,885 [INFO] primp — response: https://www.google.com/travel/flights?tfs=GhoSCjIwMjYtMDUtMDZqBRIDTlJUcgUSA1RQRUIBAUgBmAEC&hl=en&tfu=EgQIABABIgA&curr= 200
2026-03-23 16:19:22,816 [INFO] flight_scraper — [4/5] NRT → TPE 2026-05-07 [?] ≤2轉
2026-03-23 16:19:23,362 [INFO] primp — response: https://www.google.com/travel/flights?tfs=GhoSCjIwMjYtMDUtMDdqBRIDTlJUcgUSA1RQRUIBAUgBmAEC&hl=en&tfu=EgQIABABIgA&curr= 200
2026-03-23 16:19:27,091 [INFO] flight_scraper — [5/5] NRT → TPE 2026-05-08 [?] ≤2轉
2026-03-23 16:19:27,576 [INFO] primp — response: https://www.google.com/travel/flights?tfs=GhoSCjIwMjYtMDUtMDhqBRIDTlJUcgUSA1RQRUIBAUgBmAEC&hl=en&tfu=EgQIABABIgA&curr= 200
2026-03-23 16:35:52,208 [INFO] flight_scraper — fast-flights 已載入 ✓
2026-03-23 16:37:50,630 [INFO] flight_scraper — fast-flights 已載入 ✓
2026-03-23 16:37:58,016 [INFO] flight_scraper — FlightScraper 後端: fast_flights
2026-03-23 16:40:32,972 [INFO] flight_scraper — fast-flights 已載入 ✓
2026-03-23 16:40:35,064 [INFO] flight_scraper — FlightScraper 後端: fast_flights
2026-03-23 16:40:35,108 [INFO] flight_scraper — [1/1] 來回 TPE⇄NRT 去:2026-05-01 回:2026-05-06 [東北亞 NE Asia] 直達
2026-03-23 16:40:35,113 [WARNING] primp.impersonate — Impersonate 'chrome_126' does not exist, using 'random'
2026-03-23 16:40:35,736 [INFO] primp — response: https://www.google.com/travel/flights?tfs=GhwSCjIwMjYtMDUtMDEoAGoFEgNUUEVyBRIDTlJUGhwSCjIwMjYtMDUtMDYoAGoFEgNOUlRyBRIDVFBFQgEBSAGYAQE%3D&hl=en&tfu=EgQIABABIgA&curr= 200
2026-03-23 16:43:18,609 [INFO] flight_scraper — fast-flights 已載入 ✓
2026-03-23 16:43:21,560 [INFO] flight_scraper — FlightScraper 後端: fast_flights
2026-03-23 16:43:21,563 [INFO] flight_scraper — [1/1] 來回 TPE⇄CTS 去:2026-04-30 回:2026-05-04 [東北亞 NE Asia] 直達
2026-03-23 16:43:21,564 [WARNING] primp.impersonate — Impersonate 'chrome_126' does not exist, using 'random'
2026-03-23 16:43:22,408 [INFO] primp — response: https://www.google.com/travel/flights?tfs=GhwSCjIwMjYtMDQtMzAoAGoFEgNUUEVyBRIDQ1RTGhwSCjIwMjYtMDUtMDQoAGoFEgNDVFNyBRIDVFBFQgEBSAGYAQE%3D&hl=en&tfu=EgQIABABIgA&curr= 200
2026-03-23 16:51:51,126 [INFO] flight_scraper — fast-flights 已載入 ✓
2026-03-23 16:51:55,708 [INFO] flight_scraper — FlightScraper 後端: fast_flights
2026-03-23 16:51:55,712 [INFO] flight_scraper — [1/11] 來回 TPE⇄NRT 去:2026-04-30 回:2026-05-04 [東北亞 NE Asia] 直達
2026-03-23 16:51:55,713 [WARNING] primp.impersonate — Impersonate 'chrome_126' does not exist, using 'random'
2026-03-23 16:51:56,405 [INFO] primp — response: https://www.google.com/travel/flights?tfs=GhwSCjIwMjYtMDQtMzAoAGoFEgNUUEVyBRIDTlJUGhwSCjIwMjYtMDUtMDQoAGoFEgNOUlRyBRIDVFBFQgEBSAGYAQE%3D&hl=en&tfu=EgQIABABIgA&curr= 200
2026-03-23 16:51:57,471 [WARNING] flight_scraper —   round-trip 嘗試 1/3 失敗: No flights found:
Skip to main contentAccessibility feedback
Travel
Explore
Flights
Hotels
Vacation rentals
Change appearance
[Sign in][1]
Travel
Explore
Flights
Hotels
Vacation rentals
Flight Deals
Tracked flight prices
Tracked hotel prices
Change language
Change currency
Change location
Change currency
Feedback
Help
Loading results
Loading results

# Flight search

Round trip
* Round trip
* One way
* Multi-city
1
* Adults
  Remove adult
  11
  Add adult
* Children Aged 2-11
  Aged 2 to 11
  Remove child aged 2 to 11
  00
  Add child aged 2 to 11
* Infants In seat
  Remove infant in seat
  00
  Add infant in seat
* Infants On lap
  Remove infant on lap
  00
  Add infant on lap
DoneCancel
Economy
* Economy
* Premium economy
* Business
* First
Taipei City TPE
TPE · Taipei City
Remove
Select multiple airports
Done
Press the plus key to switch to multi-select mode.
Tokyo NRT
NRT · Tokyo
Remove
Select multiple airports
Done
Press the plus key to switch to multi-select mode.
Enter a date or use the arrow keys to change the current date.
Enter a date or use the arrow keys to change the current date.
Round trip
* Round trip
* One way
Reset
Done
Add flight

## Filters

All filters (1)
Nonstop
Airlines
Bags
Price
Times
Emissions
Connecting airports
Duration

## Search results

LanguageEnglish (United States)LocationMalaysiaCurrencyMYR
[About][2][Privacy][3][Terms][4][Join user studies][5][Feedback][6][Help Center][7]

Displayed currencies may differ from the currencies used to purchase flights. [Learn more][8]

Google apps
Main menu

[1]: https://accounts.google.com/ServiceLogin?service=searchandassistant&passive=1209600&continue=ht
tps://www.google.com/travel/flights?tfs%3DGhwSCjIwMjYtMDQtMzAoAGoFEgNUUEVyBRIDTlJUGhwSCjIwMjYtMDUtMD
QoAGoFEgNOUlRyBRIDVFBFQgEBSAGYAQE%253D%26hl%3Den%26tfu%3DEgQIABABIgA%26curr&followup=https://www.goo
gle.com/travel/flights?tfs%3DGhwSCjIwMjYtMDQtMzAoAGoFEgNUUEVyBRIDTlJUGhwSCjIwMjYtMDUtMDQoAGoFEgNOUlR
yBRIDVFBFQgEBSAGYAQE%253D%26hl%3Den%26tfu%3DEgQIABABIgA%26curr&hl=en&ec=GAZAlQM
[2]: https://about.google/?hl=en-US
[3]: https://policies.google.com/privacy?hl=en-US
[4]: https://policies.google.com/terms?hl=en-US
[5]: https://google.qualtrics.com/jfe/form/SV_3NMIMtX0F2zkakR?reserved%3D1%26utm_source%3DFooter%252
0link%26utm_medium%3Down_web%26%20utm_campaign%3DQ2%26productTag%3D0%26campaignDate%3DApril2020%26re
ferral_code%3DUXbJ377133&Q_Language=en-US
[6]: ./#0
[7]: https://support.google.com/travel/?hl=en-US#topic=2475360
[8]: https://www.google.com/googlefinance/disclaimer?hl=en-US&gl=MY

2026-03-23 16:52:01,750 [INFO] primp — response: https://www.google.com/travel/flights?tfs=GhwSCjIwMjYtMDQtMzAoAGoFEgNUUEVyBRIDTlJUGhwSCjIwMjYtMDUtMDQoAGoFEgNOUlRyBRIDVFBFQgEBSAGYAQE%3D&hl=en&tfu=EgQIABABIgA&curr= 200
2026-03-23 16:52:05,448 [INFO] flight_scraper — [2/11] 來回 TPE⇄HND 去:2026-04-30 回:2026-05-04 [東北亞 NE Asia] 直達
2026-03-23 16:52:05,876 [INFO] primp — response: https://www.google.com/travel/flights?tfs=GhwSCjIwMjYtMDQtMzAoAGoFEgNUUEVyBRIDSE5EGhwSCjIwMjYtMDUtMDQoAGoFEgNITkRyBRIDVFBFQgEBSAGYAQE%3D&hl=en&tfu=EgQIABABIgA&curr= 200
2026-03-23 16:52:09,261 [INFO] flight_scraper — [3/11] 來回 TPE⇄KIX 去:2026-04-30 回:2026-05-04 [東北亞 NE Asia] 直達
2026-03-23 16:52:09,925 [INFO] primp — response: https://www.google.com/travel/flights?tfs=GhwSCjIwMjYtMDQtMzAoAGoFEgNUUEVyBRIDS0lYGhwSCjIwMjYtMDUtMDQoAGoFEgNLSVhyBRIDVFBFQgEBSAGYAQE%3D&hl=en&tfu=EgQIABABIgA&curr= 200
2026-03-23 16:52:13,503 [INFO] flight_scraper — [4/11] 來回 TPE⇄NGO 去:2026-04-30 回:2026-05-04 [東北亞 NE Asia] 直達
2026-03-23 16:52:14,076 [INFO] primp — response: https://www.google.com/travel/flights?tfs=GhwSCjIwMjYtMDQtMzAoAGoFEgNUUEVyBRIDTkdPGhwSCjIwMjYtMDUtMDQoAGoFEgNOR09yBRIDVFBFQgEBSAGYAQE%3D&hl=en&tfu=EgQIABABIgA&curr= 200
2026-03-23 16:52:17,091 [INFO] flight_scraper — [5/11] 來回 TPE⇄CTS 去:2026-04-30 回:2026-05-04 [東北亞 NE Asia] 直達
2026-03-23 16:52:17,611 [INFO] primp — response: https://www.google.com/travel/flights?tfs=GhwSCjIwMjYtMDQtMzAoAGoFEgNUUEVyBRIDQ1RTGhwSCjIwMjYtMDUtMDQoAGoFEgNDVFNyBRIDVFBFQgEBSAGYAQE%3D&hl=en&tfu=EgQIABABIgA&curr= 200
2026-03-23 16:52:20,794 [INFO] flight_scraper — [6/11] 來回 TPE⇄FUK 去:2026-04-30 回:2026-05-04 [東北亞 NE Asia] 直達
2026-03-23 16:52:21,369 [INFO] primp — response: https://www.google.com/travel/flights?tfs=GhwSCjIwMjYtMDQtMzAoAGoFEgNUUEVyBRIDRlVLGhwSCjIwMjYtMDUtMDQoAGoFEgNGVUtyBRIDVFBFQgEBSAGYAQE%3D&hl=en&tfu=EgQIABABIgA&curr= 200
2026-03-23 16:52:25,045 [INFO] flight_scraper — [7/11] 來回 TPE⇄ICN 去:2026-04-30 回:2026-05-04 [東北亞 NE Asia] 直達
2026-03-23 16:52:25,653 [INFO] primp — response: https://www.google.com/travel/flights?tfs=GhwSCjIwMjYtMDQtMzAoAGoFEgNUUEVyBRIDSUNOGhwSCjIwMjYtMDUtMDQoAGoFEgNJQ05yBRIDVFBFQgEBSAGYAQE%3D&hl=en&tfu=EgQIABABIgA&curr= 200
2026-03-23 16:52:29,260 [INFO] flight_scraper — [8/11] 來回 TPE⇄GMP 去:2026-04-30 回:2026-05-04 [東北亞 NE Asia] 直達
2026-03-23 16:52:29,851 [INFO] primp — response: https://www.google.com/travel/flights?tfs=GhwSCjIwMjYtMDQtMzAoAGoFEgNUUEVyBRIDR01QGhwSCjIwMjYtMDUtMDQoAGoFEgNHTVByBRIDVFBFQgEBSAGYAQE%3D&hl=en&tfu=EgQIABABIgA&curr= 200
2026-03-23 16:52:30,139 [WARNING] flight_scraper —   round-trip 嘗試 1/3 失敗: No flights found:
Skip to main contentAccessibility feedback
Change appearance
[Sign in][1]
Travel
Explore
Flights
Hotels
Vacation rentals
Travel
Explore
Flights
Hotels
Vacation rentals
Flight Deals
Tracked flight prices
Tracked hotel prices
Change language
Change currency
Change location
Feedback
Help
Loading results
Loading results

# Flight search

Round trip
* Round trip
* One way
* Multi-city
1
* Adults
  Remove adult
  11
  Add adult
* Children Aged 2-11
  Aged 2 to 11
  Remove child aged 2 to 11
  00
  Add child aged 2 to 11
* Infants In seat
  Remove infant in seat
  00
  Add infant in seat
* Infants On lap
  Remove infant on lap
  00
  Add infant on lap
DoneCancel
Economy
* Economy
* Premium economy
* Business
* First
Taipei City TPE
TPE · Taipei City
Remove
Select multiple airports
Done
Seoul GMP
GMP · Seoul
Remove
Select multiple airports
Done
DepartureThu, Apr 30
ReturnMon, May 4
DepartureThu, Apr 30
ReturnMon, May 4
Round trip
* Round trip
* One way
Reset
Done
Add flight

## Filters

1
Nonstop
Airlines
Bags
Price
Times
Emissions
Connecting airports
Duration
All filters

## Search results

LanguageEnglish (United States)LocationMalaysiaCurrencyMYR
[About][2][Privacy][3][Terms][4][Join user studies][5][Feedback][6][Help Center][7]

Displayed currencies may differ from the currencies used to purchase flights. [Learn more][8]

Google apps
Main menu

[1]: https://accounts.google.com/ServiceLogin?service=searchandassistant&passive=1209600&continue=ht
tps://www.google.com/travel/flights?tfs%3DGhwSCjIwMjYtMDQtMzAoAGoFEgNUUEVyBRIDR01QGhwSCjIwMjYtMDUtMD
QoAGoFEgNHTVByBRIDVFBFQgEBSAGYAQE%253D%26hl%3Den%26tfu%3DEgQIABABIgA%26curr&followup=https://www.goo
gle.com/travel/flights?tfs%3DGhwSCjIwMjYtMDQtMzAoAGoFEgNUUEVyBRIDR01QGhwSCjIwMjYtMDUtMDQoAGoFEgNHTVB
yBRIDVFBFQgEBSAGYAQE%253D%26hl%3Den%26tfu%3DEgQIABABIgA%26curr&hl=en&ec=GAZAlQM
[2]: https://about.google/?hl=en-US
[3]: https://policies.google.com/privacy?hl=en-US
[4]: https://policies.google.com/terms?hl=en-US
[5]: https://google.qualtrics.com/jfe/form/SV_3NMIMtX0F2zkakR?reserved%3D1%26utm_source%3DFooter%252
0link%26utm_medium%3Down_web%26%20utm_campaign%3DQ2%26productTag%3D0%26campaignDate%3DApril2020%26re
ferral_code%3DUXbJ377133&Q_Language=en-US
[6]: ./#0
[7]: https://support.google.com/travel/?hl=en-US#topic=2475360
[8]: https://www.google.com/googlefinance/disclaimer?hl=en-US&gl=MY

2026-03-23 16:52:34,356 [INFO] primp — response: https://www.google.com/travel/flights?tfs=GhwSCjIwMjYtMDQtMzAoAGoFEgNUUEVyBRIDR01QGhwSCjIwMjYtMDUtMDQoAGoFEgNHTVByBRIDVFBFQgEBSAGYAQE%3D&hl=en&tfu=EgQIABABIgA&curr= 200
2026-03-23 16:52:34,710 [WARNING] flight_scraper —   round-trip 嘗試 2/3 失敗: No flights found:
Skip to main contentAccessibility feedback
Travel
Explore
Flights
Hotels
Vacation rentals
Change appearance
[Sign in][1]
Travel
Explore
Flights
Hotels
Vacation rentals
Flight Deals
Tracked flight prices
Tracked hotel prices
Change language
Change currency
Change location
Change currency
Feedback
Help
Loading results
Loading results

# Flight search

Round trip
* Round trip
* One way
* Multi-city
1
* Adults
  Remove adult
  11
  Add adult
* Children Aged 2-11
  Aged 2 to 11
  Remove child aged 2 to 11
  00
  Add child aged 2 to 11
* Infants In seat
  Remove infant in seat
  00
  Add infant in seat
* Infants On lap
  Remove infant on lap
  00
  Add infant on lap
DoneCancel
Economy
* Economy
* Premium economy
* Business
* First
Taipei City TPE
TPE · Taipei City
Remove
Select multiple airports
Done
Press the plus key to switch to multi-select mode.
Seoul GMP
GMP · Seoul
Remove
Select multiple airports
Done
Press the plus key to switch to multi-select mode.
Enter a date or use the arrow keys to change the current date.
Enter a date or use the arrow keys to change the current date.
Round trip
* Round trip
* One way
Reset
Done
Add flight

## Filters

All filters (1)
Nonstop
Airlines
Bags
Price
Times
Emissions
Connecting airports
Duration

## Search results

LanguageEnglish (United States)LocationMalaysiaCurrencyMYR
[About][2][Privacy][3][Terms][4][Join user studies][5][Feedback][6][Help Center][7]

Displayed currencies may differ from the currencies used to purchase flights. [Learn more][8]

Google apps
Main menu

[1]: https://accounts.google.com/ServiceLogin?service=searchandassistant&passive=1209600&continue=ht
tps://www.google.com/travel/flights?tfs%3DGhwSCjIwMjYtMDQtMzAoAGoFEgNUUEVyBRIDR01QGhwSCjIwMjYtMDUtMD
QoAGoFEgNHTVByBRIDVFBFQgEBSAGYAQE%253D%26hl%3Den%26tfu%3DEgQIABABIgA%26curr&followup=https://www.goo
gle.com/travel/flights?tfs%3DGhwSCjIwMjYtMDQtMzAoAGoFEgNUUEVyBRIDR01QGhwSCjIwMjYtMDUtMDQoAGoFEgNHTVB
yBRIDVFBFQgEBSAGYAQE%253D%26hl%3Den%26tfu%3DEgQIABABIgA%26curr&hl=en&ec=GAZAlQM
[2]: https://about.google/?hl=en-US
[3]: https://policies.google.com/privacy?hl=en-US
[4]: https://policies.google.com/terms?hl=en-US
[5]: https://google.qualtrics.com/jfe/form/SV_3NMIMtX0F2zkakR?reserved%3D1%26utm_source%3DFooter%252
0link%26utm_medium%3Down_web%26%20utm_campaign%3DQ2%26productTag%3D0%26campaignDate%3DApril2020%26re
ferral_code%3DUXbJ377133&Q_Language=en-US
[6]: ./#0
[7]: https://support.google.com/travel/?hl=en-US#topic=2475360
[8]: https://www.google.com/googlefinance/disclaimer?hl=en-US&gl=MY

2026-03-23 16:52:41,435 [INFO] primp — response: https://www.google.com/travel/flights?tfs=GhwSCjIwMjYtMDQtMzAoAGoFEgNUUEVyBRIDR01QGhwSCjIwMjYtMDUtMDQoAGoFEgNHTVByBRIDVFBFQgEBSAGYAQE%3D&hl=en&tfu=EgQIABABIgA&curr= 200
2026-03-23 16:52:41,891 [WARNING] flight_scraper —   round-trip 嘗試 3/3 失敗: No flights found:
Skip to main contentAccessibility feedback
Travel
Explore
Flights
Hotels
Vacation rentals
Change appearance
[Sign in][1]
Travel
Explore
Flights
Hotels
Vacation rentals
Flight Deals
Tracked flight prices
Tracked hotel prices
Change language
Change currency
Change location
Change currency
Feedback
Help
Loading results
Loading results

# Flight search

Round trip
* Round trip
* One way
* Multi-city
1
* Adults
  Remove adult
  11
  Add adult
* Children Aged 2-11
  Aged 2 to 11
  Remove child aged 2 to 11
  00
  Add child aged 2 to 11
* Infants In seat
  Remove infant in seat
  00
  Add infant in seat
* Infants On lap
  Remove infant on lap
  00
  Add infant on lap
DoneCancel
Economy
* Economy
* Premium economy
* Business
* First
Taipei City TPE
TPE · Taipei City
Remove
Select multiple airports
Done
Press the plus key to switch to multi-select mode.
Seoul GMP
GMP · Seoul
Remove
Select multiple airports
Done
Press the plus key to switch to multi-select mode.
Enter a date or use the arrow keys to change the current date.
Enter a date or use the arrow keys to change the current date.
Round trip
* Round trip
* One way
Reset
Done
Add flight

## Filters

All filters (1)
Nonstop
Airlines
Bags
Price
Times
Emissions
Connecting airports
Duration

## Search results

LanguageEnglish (United States)LocationMalaysiaCurrencyMYR
[About][2][Privacy][3][Terms][4][Join user studies][5][Feedback][6][Help Center][7]

Displayed currencies may differ from the currencies used to purchase flights. [Learn more][8]

Google apps
Main menu

[1]: https://accounts.google.com/ServiceLogin?service=searchandassistant&passive=1209600&continue=ht
tps://www.google.com/travel/flights?tfs%3DGhwSCjIwMjYtMDQtMzAoAGoFEgNUUEVyBRIDR01QGhwSCjIwMjYtMDUtMD
QoAGoFEgNHTVByBRIDVFBFQgEBSAGYAQE%253D%26hl%3Den%26tfu%3DEgQIABABIgA%26curr&followup=https://www.goo
gle.com/travel/flights?tfs%3DGhwSCjIwMjYtMDQtMzAoAGoFEgNUUEVyBRIDR01QGhwSCjIwMjYtMDUtMDQoAGoFEgNHTVB
yBRIDVFBFQgEBSAGYAQE%253D%26hl%3Den%26tfu%3DEgQIABABIgA%26curr&hl=en&ec=GAZAlQM
[2]: https://about.google/?hl=en-US
[3]: https://policies.google.com/privacy?hl=en-US
[4]: https://policies.google.com/terms?hl=en-US
[5]: https://google.qualtrics.com/jfe/form/SV_3NMIMtX0F2zkakR?reserved%3D1%26utm_source%3DFooter%252
0link%26utm_medium%3Down_web%26%20utm_campaign%3DQ2%26productTag%3D0%26campaignDate%3DApril2020%26re
ferral_code%3DUXbJ377133&Q_Language=en-US
[6]: ./#0
[7]: https://support.google.com/travel/?hl=en-US#topic=2475360
[8]: https://www.google.com/googlefinance/disclaimer?hl=en-US&gl=MY

2026-03-23 16:52:44,976 [INFO] flight_scraper — [9/11] 來回 TPE⇄PUS 去:2026-04-30 回:2026-05-04 [東北亞 NE Asia] 直達
2026-03-23 16:52:45,615 [INFO] primp — response: https://www.google.com/travel/flights?tfs=GhwSCjIwMjYtMDQtMzAoAGoFEgNUUEVyBRIDUFVTGhwSCjIwMjYtMDUtMDQoAGoFEgNQVVNyBRIDVFBFQgEBSAGYAQE%3D&hl=en&tfu=EgQIABABIgA&curr= 200
2026-03-23 16:52:48,858 [INFO] flight_scraper — [10/11] 來回 TPE⇄HKG 去:2026-04-30 回:2026-05-04 [東北亞 NE Asia] 直達
2026-03-23 16:52:49,331 [INFO] primp — response: https://www.google.com/travel/flights?tfs=GhwSCjIwMjYtMDQtMzAoAGoFEgNUUEVyBRIDSEtHGhwSCjIwMjYtMDUtMDQoAGoFEgNIS0dyBRIDVFBFQgEBSAGYAQE%3D&hl=en&tfu=EgQIABABIgA&curr= 200
2026-03-23 16:52:53,711 [INFO] flight_scraper — [11/11] 來回 TPE⇄MFM 去:2026-04-30 回:2026-05-04 [東北亞 NE Asia] 直達
2026-03-23 16:52:54,340 [INFO] primp — response: https://www.google.com/travel/flights?tfs=GhwSCjIwMjYtMDQtMzAoAGoFEgNUUEVyBRIDTUZNGhwSCjIwMjYtMDUtMDQoAGoFEgNNRk1yBRIDVFBFQgEBSAGYAQE%3D&hl=en&tfu=EgQIABABIgA&curr= 200
2026-03-23 16:58:50,598 [WARNING] primp.impersonate — Impersonate 'chrome_126' does not exist, using 'random'
2026-03-23 16:58:51,437 [INFO] primp — response: https://www.google.com/travel/flights?tfs=GhoSCjIwMjYtMDUtMDFqBRIDVFBFcgUSA05SVEIBAUgBmAEC&hl=en&tfu=EgQIABABIgA&curr= 200
2026-03-23 16:58:52,742 [INFO] primp — response: https://www.google.com/travel/flights?tfs=GhoSCjIwMjYtMDUtMDFqBRIDVFBFcgUSA05SVBoaEgoyMDI2LTA1LTA2agUSA05SVHIFEgNUUEVCAQFIAZgBAQ%3D%3D&hl=en&tfu=EgQIABABIgA&curr= 200
2026-03-23 17:02:40,372 [INFO] flight_scraper — fast-flights 已載入 ✓
2026-03-23 17:02:42,451 [INFO] flight_scraper — FlightScraper 後端: fast_flights
2026-03-23 17:02:42,457 [INFO] flight_scraper — [1/7] 來回 TPE⇄NRT 去:2026-04-30 回:2026-05-04 [東北亞 NE Asia] 直達
2026-03-23 17:02:42,459 [WARNING] primp.impersonate — Impersonate 'chrome_126' does not exist, using 'random'
2026-03-23 17:02:43,425 [INFO] primp — response: https://www.google.com/travel/flights?tfs=GhwSCjIwMjYtMDQtMzAoAGoFEgNUUEVyBRIDTlJUQgEBSAGYAQI%3D&hl=en&tfu=EgQIABABIgA&curr= 200
2026-03-23 17:02:44,898 [INFO] primp — response: https://www.google.com/travel/flights?tfs=GhwSCjIwMjYtMDUtMDQoAGoFEgNOUlRyBRIDVFBFQgEBSAGYAQI%3D&hl=en&tfu=EgQIABABIgA&curr= 200
2026-03-23 17:02:48,233 [INFO] flight_scraper — [2/7] 來回 TPE⇄HND 去:2026-04-30 回:2026-05-04 [東北亞 NE Asia] 直達
2026-03-23 17:02:48,978 [INFO] primp — response: https://www.google.com/travel/flights?tfs=GhwSCjIwMjYtMDQtMzAoAGoFEgNUUEVyBRIDSE5EQgEBSAGYAQI%3D&hl=en&tfu=EgQIABABIgA&curr= 200
2026-03-23 17:02:50,393 [INFO] primp — response: https://www.google.com/travel/flights?tfs=GhwSCjIwMjYtMDUtMDQoAGoFEgNITkRyBRIDVFBFQgEBSAGYAQI%3D&hl=en&tfu=EgQIABABIgA&curr= 200
2026-03-23 17:02:53,780 [INFO] flight_scraper — [3/7] 來回 TPE⇄KIX 去:2026-04-30 回:2026-05-04 [東北亞 NE Asia] 直達
2026-03-23 17:02:54,759 [INFO] primp — response: https://www.google.com/travel/flights?tfs=GhwSCjIwMjYtMDQtMzAoAGoFEgNUUEVyBRIDS0lYQgEBSAGYAQI%3D&hl=en&tfu=EgQIABABIgA&curr= 200
2026-03-23 17:02:55,879 [INFO] primp — response: https://www.google.com/travel/flights?tfs=GhwSCjIwMjYtMDUtMDQoAGoFEgNLSVhyBRIDVFBFQgEBSAGYAQI%3D&hl=en&tfu=EgQIABABIgA&curr= 200
2026-03-23 17:02:59,334 [INFO] flight_scraper — [4/7] 來回 TPE⇄NGO 去:2026-04-30 回:2026-05-04 [東北亞 NE Asia] 直達
2026-03-23 17:03:00,188 [INFO] primp — response: https://www.google.com/travel/flights?tfs=GhwSCjIwMjYtMDQtMzAoAGoFEgNUUEVyBRIDTkdPQgEBSAGYAQI%3D&hl=en&tfu=EgQIABABIgA&curr= 200
2026-03-23 17:03:01,716 [INFO] primp — response: https://www.google.com/travel/flights?tfs=GhwSCjIwMjYtMDUtMDQoAGoFEgNOR09yBRIDVFBFQgEBSAGYAQI%3D&hl=en&tfu=EgQIABABIgA&curr= 200
2026-03-23 17:03:05,541 [INFO] flight_scraper — [5/7] 來回 TPE⇄CTS 去:2026-04-30 回:2026-05-04 [東北亞 NE Asia] 直達
2026-03-23 17:03:06,150 [INFO] primp — response: https://www.google.com/travel/flights?tfs=GhwSCjIwMjYtMDQtMzAoAGoFEgNUUEVyBRIDQ1RTQgEBSAGYAQI%3D&hl=en&tfu=EgQIABABIgA&curr= 200
2026-03-23 17:03:08,495 [INFO] primp — response: https://try.playwright.tech/service/control/run 401
2026-03-23 17:03:09,007 [INFO] primp — response: https://www.google.com/travel/flights?tfs=GhwSCjIwMjYtMDQtMzAoAGoFEgNUUEVyBRIDQ1RTQgEBSAGYAQI%3D&hl=en&tfu=EgQIABABIgA&curr= 200
2026-03-23 17:03:10,391 [INFO] primp — response: https://www.google.com/travel/flights?tfs=GhwSCjIwMjYtMDUtMDQoAGoFEgNDVFNyBRIDVFBFQgEBSAGYAQI%3D&hl=en&tfu=EgQIABABIgA&curr= 200
2026-03-23 17:03:14,051 [INFO] flight_scraper — [6/7] 來回 TPE⇄FUK 去:2026-04-30 回:2026-05-04 [東北亞 NE Asia] 直達
2026-03-23 17:03:14,975 [INFO] primp — response: https://www.google.com/travel/flights?tfs=GhwSCjIwMjYtMDQtMzAoAGoFEgNUUEVyBRIDRlVLQgEBSAGYAQI%3D&hl=en&tfu=EgQIABABIgA&curr= 200
2026-03-23 17:03:16,128 [INFO] primp — response: https://www.google.com/travel/flights?tfs=GhwSCjIwMjYtMDUtMDQoAGoFEgNGVUtyBRIDVFBFQgEBSAGYAQI%3D&hl=en&tfu=EgQIABABIgA&curr= 200
2026-03-23 17:03:19,814 [INFO] flight_scraper — [7/7] 來回 TPE⇄GMP 去:2026-04-30 回:2026-05-04 [東北亞 NE Asia] 直達
2026-03-23 17:03:20,505 [INFO] primp — response: https://www.google.com/travel/flights?tfs=GhwSCjIwMjYtMDQtMzAoAGoFEgNUUEVyBRIDR01QQgEBSAGYAQI%3D&hl=en&tfu=EgQIABABIgA&curr= 200
2026-03-23 17:03:21,570 [INFO] primp — response: https://try.playwright.tech/service/control/run 401
2026-03-23 17:03:22,401 [INFO] primp — response: https://www.google.com/travel/flights?tfs=GhwSCjIwMjYtMDQtMzAoAGoFEgNUUEVyBRIDR01QQgEBSAGYAQI%3D&hl=en&tfu=EgQIABABIgA&curr= 200
2026-03-23 17:03:23,777 [INFO] primp — response: https://www.google.com/travel/flights?tfs=GhwSCjIwMjYtMDUtMDQoAGoFEgNHTVByBRIDVFBFQgEBSAGYAQI%3D&hl=en&tfu=EgQIABABIgA&curr= 200
2026-03-23 17:03:24,706 [INFO] primp — response: https://try.playwright.tech/service/control/run 401
2026-03-23 17:03:25,707 [INFO] primp — response: https://www.google.com/travel/flights?tfs=GhwSCjIwMjYtMDUtMDQoAGoFEgNHTVByBRIDVFBFQgEBSAGYAQI%3D&hl=en&tfu=EgQIABABIgA&curr= 200
2026-03-23 17:04:23,760 [WARNING] primp.impersonate — Impersonate 'chrome_126' does not exist, using 'random'
2026-03-23 17:04:24,491 [INFO] primp — response: https://www.google.com/travel/flights?tfs=GhoSCjIwMjYtMDUtMDFqBRIDVFBFcgUSA05SVEIBAUgBmAEC&hl=en&tfu=EgQIABABIgA&curr= 200
2026-03-23 17:04:26,477 [INFO] primp — response: https://www.google.com/travel/flights?tfs=GhoSCjIwMjYtMDUtMDFqBRIDVFBFcgUSA05SVBoaEgoyMDI2LTA1LTA2agUSA05SVHIFEgNUUEVCAQFIAZgBAQ%3D%3D&hl=en&tfu=EgQIABABIgA&curr= 200
2026-03-23 17:10:43,875 [WARNING] primp.impersonate — Impersonate 'chrome_126' does not exist, using 'random'
2026-03-23 17:10:44,604 [INFO] primp — response: https://www.google.com/travel/flights?tfs=GhoSCjIwMjYtMDUtMDFqBRIDVFBFcgUSA05SVEIBAUgBmAEC&hl=en&tfu=EgQIABABIgA&curr= 200
2026-03-23 17:10:46,312 [INFO] primp — response: https://www.google.com/travel/flights?tfs=GhoSCjIwMjYtMDUtMDZqBRIDTlJUcgUSA1RQRUIBAUgBmAEC&hl=en&tfu=EgQIABABIgA&curr= 200
2026-03-23 17:10:48,356 [INFO] primp — response: https://www.google.com/travel/flights?tfs=GhoSCjIwMjYtMDUtMDFqBRIDVFBFcgUSA05SVBoaEgoyMDI2LTA1LTA2agUSA05SVHIFEgNUUEVCAQFIAZgBAQ%3D%3D&hl=en&tfu=EgQIABABIgA&curr= 200
2026-03-23 17:10:49,777 [INFO] flight_scraper — fast-flights 已載入 ✓
2026-03-23 17:10:56,457 [INFO] flight_scraper — fast-flights 已載入 ✓
2026-03-23 17:11:00,922 [INFO] flight_scraper — FlightScraper 後端: fast_flights
2026-03-23 17:11:00,926 [INFO] flight_scraper — [1/7] 來回 TPE⇄NRT 去:2026-04-30 回:2026-05-04 [東北亞 NE Asia] 直達
2026-03-23 17:11:00,928 [WARNING] primp.impersonate — Impersonate 'chrome_126' does not exist, using 'random'
2026-03-23 17:11:01,587 [INFO] primp — response: https://www.google.com/travel/flights?tfs=GhwSCjIwMjYtMDQtMzAoAGoFEgNUUEVyBRIDTlJUQgEBSAGYAQI%3D&hl=en&tfu=EgQIABABIgA&curr= 200
2026-03-23 17:11:02,930 [INFO] primp — response: https://www.google.com/travel/flights?tfs=GhwSCjIwMjYtMDUtMDQoAGoFEgNOUlRyBRIDVFBFQgEBSAGYAQI%3D&hl=en&tfu=EgQIABABIgA&curr= 200
2026-03-23 17:11:06,242 [INFO] flight_scraper — [2/7] 來回 TPE⇄HND 去:2026-04-30 回:2026-05-04 [東北亞 NE Asia] 直達
2026-03-23 17:11:06,909 [INFO] primp — response: https://www.google.com/travel/flights?tfs=GhwSCjIwMjYtMDQtMzAoAGoFEgNUUEVyBRIDSE5EQgEBSAGYAQI%3D&hl=en&tfu=EgQIABABIgA&curr= 200
2026-03-23 17:11:07,817 [INFO] primp — response: https://www.google.com/travel/flights?tfs=GhwSCjIwMjYtMDUtMDQoAGoFEgNITkRyBRIDVFBFQgEBSAGYAQI%3D&hl=en&tfu=EgQIABABIgA&curr= 200
2026-03-23 17:11:11,144 [INFO] flight_scraper — [3/7] 來回 TPE⇄KIX 去:2026-04-30 回:2026-05-04 [東北亞 NE Asia] 直達
2026-03-23 17:11:11,713 [INFO] primp — response: https://www.google.com/travel/flights?tfs=GhwSCjIwMjYtMDQtMzAoAGoFEgNUUEVyBRIDS0lYQgEBSAGYAQI%3D&hl=en&tfu=EgQIABABIgA&curr= 200
2026-03-23 17:11:12,897 [INFO] primp — response: https://www.google.com/travel/flights?tfs=GhwSCjIwMjYtMDUtMDQoAGoFEgNLSVhyBRIDVFBFQgEBSAGYAQI%3D&hl=en&tfu=EgQIABABIgA&curr= 200
2026-03-23 17:11:16,625 [INFO] flight_scraper — [4/7] 來回 TPE⇄NGO 去:2026-04-30 回:2026-05-04 [東北亞 NE Asia] 直達
2026-03-23 17:11:17,347 [INFO] primp — response: https://www.google.com/travel/flights?tfs=GhwSCjIwMjYtMDQtMzAoAGoFEgNUUEVyBRIDTkdPQgEBSAGYAQI%3D&hl=en&tfu=EgQIABABIgA&curr= 200
2026-03-23 17:11:18,676 [INFO] primp — response: https://www.google.com/travel/flights?tfs=GhwSCjIwMjYtMDUtMDQoAGoFEgNOR09yBRIDVFBFQgEBSAGYAQI%3D&hl=en&tfu=EgQIABABIgA&curr= 200
2026-03-23 17:11:22,051 [INFO] flight_scraper — [5/7] 來回 TPE⇄CTS 去:2026-04-30 回:2026-05-04 [東北亞 NE Asia] 直達
2026-03-23 17:11:22,823 [INFO] primp — response: https://www.google.com/travel/flights?tfs=GhwSCjIwMjYtMDQtMzAoAGoFEgNUUEVyBRIDQ1RTQgEBSAGYAQI%3D&hl=en&tfu=EgQIABABIgA&curr= 200
2026-03-23 17:11:24,001 [INFO] primp — response: https://www.google.com/travel/flights?tfs=GhwSCjIwMjYtMDUtMDQoAGoFEgNDVFNyBRIDVFBFQgEBSAGYAQI%3D&hl=en&tfu=EgQIABABIgA&curr= 200
2026-03-23 17:11:27,122 [INFO] flight_scraper — [6/7] 來回 TPE⇄FUK 去:2026-04-30 回:2026-05-04 [東北亞 NE Asia] 直達
2026-03-23 17:11:27,691 [INFO] primp — response: https://www.google.com/travel/flights?tfs=GhwSCjIwMjYtMDQtMzAoAGoFEgNUUEVyBRIDRlVLQgEBSAGYAQI%3D&hl=en&tfu=EgQIABABIgA&curr= 200
2026-03-23 17:11:28,681 [INFO] primp — response: https://www.google.com/travel/flights?tfs=GhwSCjIwMjYtMDUtMDQoAGoFEgNGVUtyBRIDVFBFQgEBSAGYAQI%3D&hl=en&tfu=EgQIABABIgA&curr= 200
2026-03-23 17:11:31,822 [INFO] flight_scraper — [7/7] 來回 TPE⇄GMP 去:2026-04-30 回:2026-05-04 [東北亞 NE Asia] 直達
2026-03-23 17:11:32,775 [INFO] primp — response: https://www.google.com/travel/flights?tfs=GhwSCjIwMjYtMDQtMzAoAGoFEgNUUEVyBRIDR01QQgEBSAGYAQI%3D&hl=en&tfu=EgQIABABIgA&curr= 200
2026-03-23 17:11:34,276 [INFO] primp — response: https://try.playwright.tech/service/control/run 401
2026-03-23 17:11:34,913 [INFO] primp — response: https://www.google.com/travel/flights?tfs=GhwSCjIwMjYtMDQtMzAoAGoFEgNUUEVyBRIDR01QQgEBSAGYAQI%3D&hl=en&tfu=EgQIABABIgA&curr= 200
2026-03-23 17:11:35,946 [INFO] primp — response: https://www.google.com/travel/flights?tfs=GhwSCjIwMjYtMDUtMDQoAGoFEgNHTVByBRIDVFBFQgEBSAGYAQI%3D&hl=en&tfu=EgQIABABIgA&curr= 200
2026-03-23 17:11:37,416 [INFO] primp — response: https://try.playwright.tech/service/control/run 401
2026-03-23 17:11:38,046 [INFO] primp — response: https://www.google.com/travel/flights?tfs=GhwSCjIwMjYtMDUtMDQoAGoFEgNHTVByBRIDVFBFQgEBSAGYAQI%3D&hl=en&tfu=EgQIABABIgA&curr= 200
2026-03-23 17:12:22,112 [WARNING] primp.impersonate — Impersonate 'chrome_126' does not exist, using 'random'
2026-03-23 17:12:22,858 [INFO] primp — response: https://www.google.com/travel/flights?tfs=GhoSCjIwMjYtMDUtMDFqBRIDVFBFcgUSA05SVEIBAUgBmAEC&hl=en&tfu=EgQIABABIgA&curr= 200
2026-03-23 17:12:24,822 [INFO] primp — response: https://www.google.com/travel/flights?tfs=GhoSCjIwMjYtMDUtMDZqBRIDTlJUcgUSA1RQRUIBAUgBmAEC&hl=en&tfu=EgQIABABIgA&curr= 200
2026-03-23 17:12:26,455 [INFO] primp — response: https://www.google.com/travel/flights?tfs=GhoSCjIwMjYtMDUtMDFqBRIDVFBFcgUSA05SVBoaEgoyMDI2LTA1LTA2agUSA05SVHIFEgNUUEVCAQFIAZgBAQ%3D%3D&hl=en&tfu=EgQIABABIgA&curr= 200
2026-03-23 17:12:27,643 [INFO] flight_scraper — fast-flights 已載入 ✓
2026-03-23 17:17:49,845 [WARNING] primp.impersonate — Impersonate 'chrome_126' does not exist, using 'random'
2026-03-23 17:17:50,660 [INFO] primp — response: https://www.google.com/travel/flights?tfs=GhoSCjIwMjYtMDUtMDFqBRIDVFBFcgUSA05SVEIBAUgBmAEC&hl=en&tfu=EgQIABABIgA&curr= 200
2026-03-23 17:17:51,844 [INFO] primp — response: https://www.google.com/travel/flights?tfs=GhoSCjIwMjYtMDUtMDZqBRIDTlJUcgUSA1RQRUIBAUgBmAEC&hl=en&tfu=EgQIABABIgA&curr= 200
2026-03-23 17:17:54,149 [INFO] primp — response: https://try.playwright.tech/service/control/run 401
2026-03-23 17:17:54,669 [INFO] primp — response: https://www.google.com/travel/flights?tfs=GhoSCjIwMjYtMDUtMDZqBRIDTlJUcgUSA1RQRUIBAUgBmAEC&hl=en&tfu=EgQIABABIgA&curr= 200
2026-03-23 17:17:56,181 [INFO] primp — response: https://www.google.com/travel/flights?tfs=GhoSCjIwMjYtMDUtMDFqBRIDVFBFcgUSA05SVBoaEgoyMDI2LTA1LTA2agUSA05SVHIFEgNUUEVCAQFIAZgBAQ%3D%3D&hl=en&tfu=EgQIABABIgA&curr= 200
2026-03-23 17:17:58,026 [INFO] flight_scraper — fast-flights 已載入 ✓
2026-03-23 17:18:03,098 [INFO] flight_scraper — fast-flights 已載入 ✓
2026-03-23 17:18:05,780 [INFO] flight_scraper — FlightScraper 後端: fast_flights
2026-03-23 17:18:05,787 [INFO] flight_scraper — [1/7] 來回 TPE⇄NRT 去:2026-04-30 回:2026-05-04 [東北亞 NE Asia] 直達
2026-03-23 17:18:05,792 [WARNING] primp.impersonate — Impersonate 'chrome_126' does not exist, using 'random'
2026-03-23 17:18:06,305 [INFO] primp — response: https://www.google.com/travel/flights?tfs=GhwSCjIwMjYtMDQtMzAoAGoFEgNUUEVyBRIDTlJUQgEBSAGYAQI%3D&hl=en&tfu=EgQIABABIgA&curr= 200
2026-03-23 17:18:07,845 [INFO] primp — response: https://www.google.com/travel/flights?tfs=GhwSCjIwMjYtMDUtMDQoAGoFEgNOUlRyBRIDVFBFQgEBSAGYAQI%3D&hl=en&tfu=EgQIABABIgA&curr= 200
2026-03-23 17:18:11,754 [INFO] flight_scraper — [2/7] 來回 TPE⇄HND 去:2026-04-30 回:2026-05-04 [東北亞 NE Asia] 直達
2026-03-23 17:18:12,342 [INFO] primp — response: https://www.google.com/travel/flights?tfs=GhwSCjIwMjYtMDQtMzAoAGoFEgNUUEVyBRIDSE5EQgEBSAGYAQI%3D&hl=en&tfu=EgQIABABIgA&curr= 200
2026-03-23 17:18:13,246 [INFO] primp — response: https://www.google.com/travel/flights?tfs=GhwSCjIwMjYtMDUtMDQoAGoFEgNITkRyBRIDVFBFQgEBSAGYAQI%3D&hl=en&tfu=EgQIABABIgA&curr= 200
2026-03-23 17:18:16,534 [INFO] flight_scraper — [3/7] 來回 TPE⇄KIX 去:2026-04-30 回:2026-05-04 [東北亞 NE Asia] 直達
2026-03-23 17:18:16,997 [INFO] primp — response: https://www.google.com/travel/flights?tfs=GhwSCjIwMjYtMDQtMzAoAGoFEgNUUEVyBRIDS0lYQgEBSAGYAQI%3D&hl=en&tfu=EgQIABABIgA&curr= 200
2026-03-23 17:18:18,720 [INFO] primp — response: https://www.google.com/travel/flights?tfs=GhwSCjIwMjYtMDUtMDQoAGoFEgNLSVhyBRIDVFBFQgEBSAGYAQI%3D&hl=en&tfu=EgQIABABIgA&curr= 200
2026-03-23 17:18:22,211 [INFO] flight_scraper — [4/7] 來回 TPE⇄NGO 去:2026-04-30 回:2026-05-04 [東北亞 NE Asia] 直達
2026-03-23 17:18:23,086 [INFO] primp — response: https://www.google.com/travel/flights?tfs=GhwSCjIwMjYtMDQtMzAoAGoFEgNUUEVyBRIDTkdPQgEBSAGYAQI%3D&hl=en&tfu=EgQIABABIgA&curr= 200
2026-03-23 17:18:24,245 [INFO] primp — response: https://www.google.com/travel/flights?tfs=GhwSCjIwMjYtMDUtMDQoAGoFEgNOR09yBRIDVFBFQgEBSAGYAQI%3D&hl=en&tfu=EgQIABABIgA&curr= 200
2026-03-23 17:18:27,609 [INFO] flight_scraper — [5/7] 來回 TPE⇄CTS 去:2026-04-30 回:2026-05-04 [東北亞 NE Asia] 直達
2026-03-23 17:18:28,210 [INFO] primp — response: https://www.google.com/travel/flights?tfs=GhwSCjIwMjYtMDQtMzAoAGoFEgNUUEVyBRIDQ1RTQgEBSAGYAQI%3D&hl=en&tfu=EgQIABABIgA&curr= 200
2026-03-23 17:18:29,658 [INFO] primp — response: https://www.google.com/travel/flights?tfs=GhwSCjIwMjYtMDUtMDQoAGoFEgNDVFNyBRIDVFBFQgEBSAGYAQI%3D&hl=en&tfu=EgQIABABIgA&curr= 200
2026-03-23 17:18:33,273 [INFO] flight_scraper — [6/7] 來回 TPE⇄FUK 去:2026-04-30 回:2026-05-04 [東北亞 NE Asia] 直達
2026-03-23 17:18:33,739 [INFO] primp — response: https://www.google.com/travel/flights?tfs=GhwSCjIwMjYtMDQtMzAoAGoFEgNUUEVyBRIDRlVLQgEBSAGYAQI%3D&hl=en&tfu=EgQIABABIgA&curr= 200
2026-03-23 17:18:35,827 [INFO] primp — response: https://try.playwright.tech/service/control/run 401
2026-03-23 17:18:36,440 [INFO] primp — response: https://www.google.com/travel/flights?tfs=GhwSCjIwMjYtMDQtMzAoAGoFEgNUUEVyBRIDRlVLQgEBSAGYAQI%3D&hl=en&tfu=EgQIABABIgA&curr= 200
2026-03-23 17:18:37,599 [INFO] primp — response: https://www.google.com/travel/flights?tfs=GhwSCjIwMjYtMDUtMDQoAGoFEgNGVUtyBRIDVFBFQgEBSAGYAQI%3D&hl=en&tfu=EgQIABABIgA&curr= 200
2026-03-23 17:18:40,967 [INFO] flight_scraper — [7/7] 來回 TPE⇄GMP 去:2026-04-30 回:2026-05-04 [東北亞 NE Asia] 直達
2026-03-23 17:18:41,505 [INFO] primp — response: https://www.google.com/travel/flights?tfs=GhwSCjIwMjYtMDQtMzAoAGoFEgNUUEVyBRIDR01QQgEBSAGYAQI%3D&hl=en&tfu=EgQIABABIgA&curr= 200
2026-03-23 17:18:42,611 [INFO] primp — response: https://try.playwright.tech/service/control/run 401
2026-03-23 17:18:43,218 [INFO] primp — response: https://www.google.com/travel/flights?tfs=GhwSCjIwMjYtMDQtMzAoAGoFEgNUUEVyBRIDR01QQgEBSAGYAQI%3D&hl=en&tfu=EgQIABABIgA&curr= 200
2026-03-23 17:18:44,168 [INFO] primp — response: https://www.google.com/travel/flights?tfs=GhwSCjIwMjYtMDUtMDQoAGoFEgNHTVByBRIDVFBFQgEBSAGYAQI%3D&hl=en&tfu=EgQIABABIgA&curr= 200
2026-03-23 17:18:45,027 [INFO] primp — response: https://try.playwright.tech/service/control/run 401
2026-03-23 17:18:45,559 [INFO] primp — response: https://www.google.com/travel/flights?tfs=GhwSCjIwMjYtMDUtMDQoAGoFEgNHTVByBRIDVFBFQgEBSAGYAQI%3D&hl=en&tfu=EgQIABABIgA&curr= 200
2026-03-23 17:27:06,572 [INFO] flight_scraper — fast-flights 已載入 ✓
2026-03-23 17:27:07,909 [INFO] flight_scraper — FlightScraper 後端: fast_flights
2026-03-23 17:27:07,912 [INFO] flight_scraper — [1/7] 來回 TPE⇄NRT 去:2026-04-30 回:2026-05-04 [東北亞 NE Asia] 直達
2026-03-23 17:27:07,913 [WARNING] primp.impersonate — Impersonate 'chrome_126' does not exist, using 'random'
2026-03-23 17:27:08,910 [INFO] primp — response: https://www.google.com/travel/flights?tfs=GhwSCjIwMjYtMDQtMzAoAGoFEgNUUEVyBRIDTlJUQgEBSAGYAQI%3D&hl=en&tfu=EgQIABABIgA&curr= 200
2026-03-23 17:27:10,218 [INFO] primp — response: https://www.google.com/travel/flights?tfs=GhwSCjIwMjYtMDUtMDQoAGoFEgNOUlRyBRIDVFBFQgEBSAGYAQI%3D&hl=en&tfu=EgQIABABIgA&curr= 200
2026-03-23 17:27:12,024 [INFO] primp — response: https://try.playwright.tech/service/control/run 401
2026-03-23 17:27:12,707 [INFO] primp — response: https://www.google.com/travel/flights?tfs=GhwSCjIwMjYtMDUtMDQoAGoFEgNOUlRyBRIDVFBFQgEBSAGYAQI%3D&hl=en&tfu=EgQIABABIgA&curr= 200
2026-03-23 17:27:16,797 [INFO] flight_scraper — [2/7] 來回 TPE⇄HND 去:2026-04-30 回:2026-05-04 [東北亞 NE Asia] 直達
2026-03-23 17:27:17,432 [INFO] primp — response: https://www.google.com/travel/flights?tfs=GhwSCjIwMjYtMDQtMzAoAGoFEgNUUEVyBRIDSE5EQgEBSAGYAQI%3D&hl=en&tfu=EgQIABABIgA&curr= 200
2026-03-23 17:27:18,967 [INFO] primp — response: https://www.google.com/travel/flights?tfs=GhwSCjIwMjYtMDUtMDQoAGoFEgNITkRyBRIDVFBFQgEBSAGYAQI%3D&hl=en&tfu=EgQIABABIgA&curr= 200
2026-03-23 17:27:22,256 [INFO] flight_scraper — [3/7] 來回 TPE⇄KIX 去:2026-04-30 回:2026-05-04 [東北亞 NE Asia] 直達
2026-03-23 17:27:22,959 [INFO] primp — response: https://www.google.com/travel/flights?tfs=GhwSCjIwMjYtMDQtMzAoAGoFEgNUUEVyBRIDS0lYQgEBSAGYAQI%3D&hl=en&tfu=EgQIABABIgA&curr= 200
2026-03-23 17:27:24,576 [INFO] primp — response: https://www.google.com/travel/flights?tfs=GhwSCjIwMjYtMDUtMDQoAGoFEgNLSVhyBRIDVFBFQgEBSAGYAQI%3D&hl=en&tfu=EgQIABABIgA&curr= 200
2026-03-23 17:27:25,988 [INFO] primp — response: https://try.playwright.tech/service/control/run 401
2026-03-23 17:27:26,418 [INFO] primp — response: https://www.google.com/travel/flights?tfs=GhwSCjIwMjYtMDUtMDQoAGoFEgNLSVhyBRIDVFBFQgEBSAGYAQI%3D&hl=en&tfu=EgQIABABIgA&curr= 200
2026-03-23 17:27:29,538 [INFO] flight_scraper — [4/7] 來回 TPE⇄NGO 去:2026-04-30 回:2026-05-04 [東北亞 NE Asia] 直達
2026-03-23 17:27:30,500 [INFO] primp — response: https://www.google.com/travel/flights?tfs=GhwSCjIwMjYtMDQtMzAoAGoFEgNUUEVyBRIDTkdPQgEBSAGYAQI%3D&hl=en&tfu=EgQIABABIgA&curr= 200
2026-03-23 17:27:31,780 [INFO] primp — response: https://www.google.com/travel/flights?tfs=GhwSCjIwMjYtMDUtMDQoAGoFEgNOR09yBRIDVFBFQgEBSAGYAQI%3D&hl=en&tfu=EgQIABABIgA&curr= 200
2026-03-23 17:27:35,596 [INFO] flight_scraper — [5/7] 來回 TPE⇄CTS 去:2026-04-30 回:2026-05-04 [東北亞 NE Asia] 直達
2026-03-23 17:27:36,279 [INFO] primp — response: https://www.google.com/travel/flights?tfs=GhwSCjIwMjYtMDQtMzAoAGoFEgNUUEVyBRIDQ1RTQgEBSAGYAQI%3D&hl=en&tfu=EgQIABABIgA&curr= 200
2026-03-23 17:27:37,177 [INFO] primp — response: https://www.google.com/travel/flights?tfs=GhwSCjIwMjYtMDUtMDQoAGoFEgNDVFNyBRIDVFBFQgEBSAGYAQI%3D&hl=en&tfu=EgQIABABIgA&curr= 200
2026-03-23 17:27:40,895 [INFO] flight_scraper — [6/7] 來回 TPE⇄FUK 去:2026-04-30 回:2026-05-04 [東北亞 NE Asia] 直達
2026-03-23 17:27:41,806 [INFO] primp — response: https://www.google.com/travel/flights?tfs=GhwSCjIwMjYtMDQtMzAoAGoFEgNUUEVyBRIDRlVLQgEBSAGYAQI%3D&hl=en&tfu=EgQIABABIgA&curr= 200
2026-03-23 17:27:42,917 [INFO] primp — response: https://try.playwright.tech/service/control/run 401
2026-03-23 17:27:43,797 [INFO] primp — response: https://www.google.com/travel/flights?tfs=GhwSCjIwMjYtMDQtMzAoAGoFEgNUUEVyBRIDRlVLQgEBSAGYAQI%3D&hl=en&tfu=EgQIABABIgA&curr= 200
2026-03-23 17:27:45,162 [INFO] primp — response: https://www.google.com/travel/flights?tfs=GhwSCjIwMjYtMDUtMDQoAGoFEgNGVUtyBRIDVFBFQgEBSAGYAQI%3D&hl=en&tfu=EgQIABABIgA&curr= 200
2026-03-23 17:27:47,232 [INFO] primp — response: https://try.playwright.tech/service/control/run 401
2026-03-23 17:27:47,849 [INFO] primp — response: https://www.google.com/travel/flights?tfs=GhwSCjIwMjYtMDUtMDQoAGoFEgNGVUtyBRIDVFBFQgEBSAGYAQI%3D&hl=en&tfu=EgQIABABIgA&curr= 200
2026-03-23 17:27:51,424 [INFO] flight_scraper — [7/7] 來回 TPE⇄GMP 去:2026-04-30 回:2026-05-04 [東北亞 NE Asia] 直達
2026-03-23 17:27:52,153 [INFO] primp — response: https://www.google.com/travel/flights?tfs=GhwSCjIwMjYtMDQtMzAoAGoFEgNUUEVyBRIDR01QQgEBSAGYAQI%3D&hl=en&tfu=EgQIABABIgA&curr= 200
2026-03-23 17:27:53,113 [INFO] primp — response: https://try.playwright.tech/service/control/run 401
2026-03-23 17:27:53,707 [INFO] primp — response: https://try.playwright.tech/service/control/run 401
2026-03-23 17:27:54,255 [INFO] primp — response: https://www.google.com/travel/flights?tfs=GhwSCjIwMjYtMDQtMzAoAGoFEgNUUEVyBRIDR01QQgEBSAGYAQI%3D&hl=en&tfu=EgQIABABIgA&curr= 200
2026-03-23 17:27:55,394 [INFO] primp — response: https://www.google.com/travel/flights?tfs=GhwSCjIwMjYtMDUtMDQoAGoFEgNHTVByBRIDVFBFQgEBSAGYAQI%3D&hl=en&tfu=EgQIABABIgA&curr= 200
2026-03-23 17:27:56,337 [INFO] primp — response: https://try.playwright.tech/service/control/run 401
2026-03-23 17:27:56,932 [INFO] primp — response: https://try.playwright.tech/service/control/run 401
2026-03-23 17:27:57,719 [INFO] primp — response: https://www.google.com/travel/flights?tfs=GhwSCjIwMjYtMDUtMDQoAGoFEgNHTVByBRIDVFBFQgEBSAGYAQI%3D&hl=en&tfu=EgQIABABIgA&curr= 200
